<?xml version="1.0" encoding="utf-8"?>
<CoverageSession xmlns:xsd="http://www.w3.org/2001/XMLSchema" xmlns:xsi="http://www.w3.org/2001/XMLSchema-instance">
  <Summary numSequencePoints="119" visitedSequencePoints="106" numBranchPoints="48" visitedBranchPoints="40" sequenceCoverage="89.08" branchCoverage="83.33" maxCyclomaticComplexity="11" minCyclomaticComplexity="1" visitedClasses="1" numClasses="1" visitedMethods="8" numMethods="8" />
  <Modules>
    <Module skippedDueTo="Filter" hash="D9-A4-43-79-FA-F4-2A-B0-31-3A-20-A1-03-C5-E0-42-94-AB-99-28">
      <ModulePath>C:\WINDOWS\Microsoft.Net\assembly\GAC_64\mscorlib\v4.0_4.0.0.0__b77a5c561934e089\mscorlib.dll</ModulePath>
      <ModuleTime>2018-02-09T03:35:01.1681381Z</ModuleTime>
      <ModuleName>mscorlib</ModuleName>
      <Classes />
    </Module>
    <Module skippedDueTo="Filter" hash="D6-20-D0-CF-21-B5-CD-3C-63-A0-3F-85-84-C7-3C-3E-1B-DF-1F-AD">
      <ModulePath>C:\Users\Florian\Entwicklung\Xrm-Update-Context\packages\xunit.runner.console\tools\xunit.console.exe</ModulePath>
      <ModuleTime>2017-02-19T14:18:06Z</ModuleTime>
      <ModuleName>xunit.console</ModuleName>
      <Classes />
    </Module>
    <Module skippedDueTo="Filter" hash="6B-6F-B8-5B-DC-B5-68-78-DD-41-47-3F-3F-E9-C3-E6-50-F8-3A-87">
      <ModulePath>C:\Users\Florian\Entwicklung\Xrm-Update-Context\packages\xunit.runner.console\tools\xunit.runner.utility.net452.dll</ModulePath>
      <ModuleTime>2017-02-19T14:18:06Z</ModuleTime>
      <ModuleName>xunit.runner.utility.net452</ModuleName>
      <Classes />
    </Module>
    <Module skippedDueTo="Filter" hash="9E-A9-5D-7F-86-82-4D-02-7D-07-AD-C0-17-06-5D-73-8F-1F-28-44">
      <ModulePath>C:\Users\Florian\Entwicklung\Xrm-Update-Context\packages\xunit.runner.console\tools\xunit.abstractions.dll</ModulePath>
      <ModuleTime>2017-02-19T14:18:06Z</ModuleTime>
      <ModuleName>xunit.abstractions</ModuleName>
      <Classes />
    </Module>
    <Module skippedDueTo="Filter" hash="00-E4-8B-23-28-1E-7A-F6-0F-D2-F5-0F-0B-97-50-BC-55-63-B2-9D">
      <ModulePath>C:\WINDOWS\Microsoft.Net\assembly\GAC_MSIL\System.Core\v4.0_4.0.0.0__b77a5c561934e089\System.Core.dll</ModulePath>
      <ModuleTime>2018-02-02T03:36:02.9502864Z</ModuleTime>
      <ModuleName>System.Core</ModuleName>
      <Classes />
    </Module>
    <Module skippedDueTo="Filter" hash="A7-58-FE-BD-E7-A0-1D-C9-FD-27-C1-11-E2-74-AE-E4-55-1D-FB-81">
      <ModulePath>C:\Users\Florian\Entwicklung\Xrm-Update-Context\packages\xunit.runner.console\tools\xunit.runner.reporters.net452.dll</ModulePath>
      <ModuleTime>2017-02-19T14:18:06Z</ModuleTime>
      <ModuleName>xunit.runner.reporters.net452</ModuleName>
      <Classes />
    </Module>
    <Module skippedDueTo="Filter" hash="1E-BF-87-A2-61-B1-E2-B3-03-13-4A-72-15-75-13-FB-FE-2C-7E-57">
      <ModulePath>C:\WINDOWS\Microsoft.Net\assembly\GAC_MSIL\System.Net.Http\v4.0_4.0.0.0__b03f5f7f11d50a3a\System.Net.Http.dll</ModulePath>
      <ModuleTime>2017-09-29T13:43:06.8185861Z</ModuleTime>
      <ModuleName>System.Net.Http</ModuleName>
      <Classes />
    </Module>
    <Module skippedDueTo="Filter" hash="CB-7B-C7-A0-09-0F-BA-F4-8A-02-A9-E9-2A-7B-43-34-93-46-0F-58">
      <ModulePath>C:\WINDOWS\Microsoft.Net\assembly\GAC_MSIL\System\v4.0_4.0.0.0__b77a5c561934e089\System.dll</ModulePath>
      <ModuleTime>2017-09-29T13:43:06.7717063Z</ModuleTime>
      <ModuleName>System</ModuleName>
      <Classes />
    </Module>
    <Module skippedDueTo="Filter" hash="DC-F8-A3-B5-3C-D2-A2-92-BD-DE-4F-B9-C1-C6-59-24-2B-D3-FE-39">
      <ModulePath>C:\WINDOWS\Microsoft.Net\assembly\GAC_64\System.Web\v4.0_4.0.0.0__b03f5f7f11d50a3a\System.Web.dll</ModulePath>
      <ModuleTime>2018-02-09T03:34:33.7286998Z</ModuleTime>
      <ModuleName>System.Web</ModuleName>
      <Classes />
    </Module>
    <Module skippedDueTo="Filter" hash="43-2E-6A-4E-42-C5-B5-A0-58-83-1D-BD-1D-A2-A9-F8-DD-95-24-D4">
      <ModulePath>C:\WINDOWS\Microsoft.Net\assembly\GAC_MSIL\System.Xml.Linq\v4.0_4.0.0.0__b77a5c561934e089\System.Xml.Linq.dll</ModulePath>
      <ModuleTime>2017-09-29T13:43:08.1155667Z</ModuleTime>
      <ModuleName>System.Xml.Linq</ModuleName>
      <Classes />
    </Module>
    <Module skippedDueTo="Filter" hash="58-2A-4C-0C-25-69-3C-E5-E8-8F-0E-35-DB-19-D0-78-0E-D1-10-FA">
      <ModulePath>C:\WINDOWS\Microsoft.Net\assembly\GAC_MSIL\System.Xml\v4.0_4.0.0.0__b77a5c561934e089\System.Xml.dll</ModulePath>
      <ModuleTime>2017-12-22T03:10:39.7166266Z</ModuleTime>
      <ModuleName>System.Xml</ModuleName>
      <Classes />
    </Module>
    <Module skippedDueTo="Filter" hash="62-13-DF-BA-4D-76-38-3A-FE-E9-5E-D8-6C-07-CC-1D-A2-DE-73-52">
      <ModulePath>C:\WINDOWS\Microsoft.Net\assembly\GAC_MSIL\System.Configuration\v4.0_4.0.0.0__b03f5f7f11d50a3a\System.Configuration.dll</ModulePath>
      <ModuleTime>2017-09-29T13:43:06.6154445Z</ModuleTime>
      <ModuleName>System.Configuration</ModuleName>
      <Classes />
    </Module>
    <Module skippedDueTo="Filter" hash="B6-A3-82-E5-87-DE-B8-9D-E6-F2-21-7E-99-D0-D0-CA-9B-B6-1F-B3">
      <ModulePath>C:\WINDOWS\Microsoft.Net\assembly\GAC_MSIL\mscorlib.resources\v4.0_4.0.0.0_de_b77a5c561934e089\mscorlib.resources.dll</ModulePath>
      <ModuleTime>2017-09-30T14:34:32.9580479Z</ModuleTime>
      <ModuleName>mscorlib.resources</ModuleName>
      <Classes />
    </Module>
    <Module skippedDueTo="Filter" hash="6B-6F-B8-5B-DC-B5-68-78-DD-41-47-3F-3F-E9-C3-E6-50-F8-3A-87">
      <ModulePath>C:\Users\Florian\AppData\Local\Temp\8793f9cb-6875-46de-b277-3932c74d8f4a\8793f9cb-6875-46de-b277-3932c74d8f4a\assembly\dl3\713c0094\00a3fafc_ba8ad201\xunit.runner.utility.net452.dll</ModulePath>
      <ModuleTime>2018-03-30T20:46:04.0725376Z</ModuleTime>
      <ModuleName>xunit.runner.utility.net452</ModuleName>
      <Classes />
    </Module>
    <Module skippedDueTo="Filter" hash="00-E4-8B-23-28-1E-7A-F6-0F-D2-F5-0F-0B-97-50-BC-55-63-B2-9D">
      <ModulePath>C:\WINDOWS\Microsoft.Net\assembly\GAC_MSIL\System.Core\v4.0_4.0.0.0__b77a5c561934e089\System.Core.dll</ModulePath>
      <ModuleTime>2018-02-02T03:36:02.9502864Z</ModuleTime>
      <ModuleName>System.Core</ModuleName>
      <Classes />
    </Module>
    <Module skippedDueTo="Filter" hash="CB-7B-C7-A0-09-0F-BA-F4-8A-02-A9-E9-2A-7B-43-34-93-46-0F-58">
      <ModulePath>C:\WINDOWS\Microsoft.Net\assembly\GAC_MSIL\System\v4.0_4.0.0.0__b77a5c561934e089\System.dll</ModulePath>
      <ModuleTime>2017-09-29T13:43:06.7717063Z</ModuleTime>
      <ModuleName>System</ModuleName>
      <Classes />
    </Module>
    <Module skippedDueTo="Filter" hash="">
      <ModulePath>RefEmit_InMemoryManifestModule</ModulePath>
      <ModuleTime>0001-01-01T00:00:00</ModuleTime>
      <ModuleName>Anonymously Hosted DynamicMethods Assembly</ModuleName>
      <Classes />
    </Module>
    <Module skippedDueTo="Filter" hash="1C-B1-0C-4A-2D-A0-68-F1-D3-B6-6C-18-73-2A-16-CF-53-BB-9B-3E">
      <ModulePath>C:\Users\Florian\Entwicklung\Xrm-Update-Context\test\Xrm.Oss.UnitOfWork.Tests.dll</ModulePath>
      <ModuleTime>2018-03-30T20:44:47.1292372Z</ModuleTime>
      <ModuleName>Xrm.Oss.UnitOfWork.Tests</ModuleName>
      <Classes />
    </Module>
    <Module skippedDueTo="Filter" hash="6B-6F-B8-5B-DC-B5-68-78-DD-41-47-3F-3F-E9-C3-E6-50-F8-3A-87">
      <ModulePath>C:\Users\Florian\Entwicklung\Xrm-Update-Context\packages\xunit.runner.console\tools\xunit.runner.utility.net452.dll</ModulePath>
      <ModuleTime>2017-02-19T14:18:06Z</ModuleTime>
      <ModuleName>xunit.runner.utility.net452</ModuleName>
      <Classes />
    </Module>
    <Module skippedDueTo="Filter" hash="65-5E-31-B7-F8-FE-26-52-25-8F-0A-D2-D8-6E-39-0F-97-5A-43-F3">
      <ModulePath>C:\Users\Florian\AppData\Local\Temp\9de6d481-22e2-46fb-8b81-11dfb50a29d7\9de6d481-22e2-46fb-8b81-11dfb50a29d7\assembly\dl3\fe696b39\0076c9fb_ba8ad201\xunit.execution.desktop.dll</ModulePath>
      <ModuleTime>2018-03-30T20:46:04.4530762Z</ModuleTime>
      <ModuleName>xunit.execution.desktop</ModuleName>
      <Classes />
    </Module>
    <Module skippedDueTo="Filter" hash="9E-A9-5D-7F-86-82-4D-02-7D-07-AD-C0-17-06-5D-73-8F-1F-28-44">
      <ModulePath>C:\Users\Florian\AppData\Local\Temp\9de6d481-22e2-46fb-8b81-11dfb50a29d7\9de6d481-22e2-46fb-8b81-11dfb50a29d7\assembly\dl3\6db0d6b7\00097adf_bb8ad201\xunit.abstractions.dll</ModulePath>
      <ModuleTime>2018-03-30T20:46:04.4870805Z</ModuleTime>
      <ModuleName>xunit.abstractions</ModuleName>
      <Classes />
    </Module>
    <Module skippedDueTo="Filter" hash="CB-7B-C7-A0-09-0F-BA-F4-8A-02-A9-E9-2A-7B-43-34-93-46-0F-58">
      <ModulePath>C:\WINDOWS\Microsoft.Net\assembly\GAC_MSIL\System\v4.0_4.0.0.0__b77a5c561934e089\System.dll</ModulePath>
      <ModuleTime>2017-09-29T13:43:06.7717063Z</ModuleTime>
      <ModuleName>System</ModuleName>
      <Classes />
    </Module>
    <Module skippedDueTo="Filter" hash="1C-B1-0C-4A-2D-A0-68-F1-D3-B6-6C-18-73-2A-16-CF-53-BB-9B-3E">
      <ModulePath>C:\Users\Florian\AppData\Local\Temp\9de6d481-22e2-46fb-8b81-11dfb50a29d7\9de6d481-22e2-46fb-8b81-11dfb50a29d7\assembly\dl3\86fda99d\d401d1f0_67c8d301\Xrm.Oss.UnitOfWork.Tests.dll</ModulePath>
      <ModuleTime>2018-03-30T20:46:04.5570895Z</ModuleTime>
      <ModuleName>Xrm.Oss.UnitOfWork.Tests</ModuleName>
      <Classes />
    </Module>
    <Module skippedDueTo="Filter" hash="D6-20-D0-CF-21-B5-CD-3C-63-A0-3F-85-84-C7-3C-3E-1B-DF-1F-AD">
      <ModulePath>C:\Users\Florian\Entwicklung\Xrm-Update-Context\packages\xunit.runner.console\tools\xunit.console.exe</ModulePath>
      <ModuleTime>2017-02-19T14:18:06Z</ModuleTime>
      <ModuleName>xunit.console</ModuleName>
      <Classes />
    </Module>
    <Module skippedDueTo="Filter" hash="00-E4-8B-23-28-1E-7A-F6-0F-D2-F5-0F-0B-97-50-BC-55-63-B2-9D">
      <ModulePath>C:\WINDOWS\Microsoft.Net\assembly\GAC_MSIL\System.Core\v4.0_4.0.0.0__b77a5c561934e089\System.Core.dll</ModulePath>
      <ModuleTime>2018-02-02T03:36:02.9502864Z</ModuleTime>
      <ModuleName>System.Core</ModuleName>
      <Classes />
    </Module>
    <Module skippedDueTo="Filter" hash="B4-1C-0E-F5-FD-FF-9B-C4-1E-A4-FC-70-D7-8F-C0-AC-9B-CC-1F-13">
      <ModulePath>C:\Users\Florian\AppData\Local\Temp\9de6d481-22e2-46fb-8b81-11dfb50a29d7\9de6d481-22e2-46fb-8b81-11dfb50a29d7\assembly\dl3\32cf9608\0076c9fb_ba8ad201\xunit.core.dll</ModulePath>
      <ModuleTime>2018-03-30T20:46:04.6356175Z</ModuleTime>
      <ModuleName>xunit.core</ModuleName>
      <Classes />
    </Module>
    <Module skippedDueTo="Filter" hash="3B-8E-DA-68-AF-09-5C-45-40-48-7B-6A-94-0C-04-C0-1A-CC-E4-17">
      <ModulePath>C:\WINDOWS\Microsoft.Net\assembly\GAC_MSIL\System.Runtime\v4.0_4.0.0.0__b03f5f7f11d50a3a\System.Runtime.dll</ModulePath>
      <ModuleTime>2017-09-29T13:43:06.8185861Z</ModuleTime>
      <ModuleName>System.Runtime</ModuleName>
      <Classes />
    </Module>
    <Module skippedDueTo="Filter" hash="DB-77-50-FA-47-4E-59-59-A5-0A-50-19-2F-06-4B-B3-B1-74-61-AB">
      <ModulePath>C:\WINDOWS\Microsoft.Net\assembly\GAC_MSIL\System.Threading.Tasks\v4.0_4.0.0.0__b03f5f7f11d50a3a\System.Threading.Tasks.dll</ModulePath>
      <ModuleTime>2017-09-29T13:43:05.2872104Z</ModuleTime>
      <ModuleName>System.Threading.Tasks</ModuleName>
      <Classes />
    </Module>
    <Module skippedDueTo="Filter" hash="B8-80-E6-57-21-F6-EC-4D-8B-82-EB-25-D9-79-1A-57-B9-34-1C-02">
      <ModulePath>C:\WINDOWS\Microsoft.Net\assembly\GAC_MSIL\System.Collections\v4.0_4.0.0.0__b03f5f7f11d50a3a\System.Collections.dll</ModulePath>
      <ModuleTime>2017-09-29T13:43:09.6469357Z</ModuleTime>
      <ModuleName>System.Collections</ModuleName>
      <Classes />
    </Module>
    <Module skippedDueTo="Filter" hash="9B-E3-D9-29-B0-95-86-9B-CB-E3-56-CE-B8-86-E3-8A-E9-45-C1-A2">
      <ModulePath>C:\Users\Florian\AppData\Local\Temp\9de6d481-22e2-46fb-8b81-11dfb50a29d7\9de6d481-22e2-46fb-8b81-11dfb50a29d7\assembly\dl3\00a1d836\00078b79_885bd201\Microsoft.Xrm.Sdk.dll</ModulePath>
      <ModuleTime>2018-03-30T20:46:05.5493312Z</ModuleTime>
      <ModuleName>Microsoft.Xrm.Sdk</ModuleName>
      <Classes />
    </Module>
    <Module skippedDueTo="Filter" hash="64-7D-F9-97-16-BD-82-9C-0C-75-48-42-B0-A7-55-86-5B-63-44-3C">
      <ModulePath>C:\WINDOWS\Microsoft.Net\assembly\GAC_MSIL\System.Runtime.Serialization\v4.0_4.0.0.0__b77a5c561934e089\System.Runtime.Serialization.dll</ModulePath>
      <ModuleTime>2017-12-22T03:10:38.2010062Z</ModuleTime>
      <ModuleName>System.Runtime.Serialization</ModuleName>
      <Classes />
    </Module>
    <Module skippedDueTo="Filter" hash="8B-3E-B0-DD-85-1A-6F-D8-86-4B-F4-A7-2F-45-5D-9F-2C-B3-13-87">
      <ModulePath>C:\Users\Florian\AppData\Local\Temp\9de6d481-22e2-46fb-8b81-11dfb50a29d7\9de6d481-22e2-46fb-8b81-11dfb50a29d7\assembly\dl3\7b791835\0076c9fb_ba8ad201\xunit.assert.dll</ModulePath>
      <ModuleTime>2018-03-30T20:46:05.633064Z</ModuleTime>
      <ModuleName>xunit.assert</ModuleName>
      <Classes />
    </Module>
    <Module hash="C5-8C-C6-60-3C-94-0B-98-B1-7A-01-5E-09-D9-0E-13-38-15-EF-88">
      <Summary numSequencePoints="119" visitedSequencePoints="106" numBranchPoints="48" visitedBranchPoints="40" sequenceCoverage="89.08" branchCoverage="83.33" maxCyclomaticComplexity="11" minCyclomaticComplexity="1" visitedClasses="1" numClasses="1" visitedMethods="8" numMethods="8" />
      <ModulePath>C:\Users\Florian\AppData\Local\Temp\9de6d481-22e2-46fb-8b81-11dfb50a29d7\9de6d481-22e2-46fb-8b81-11dfb50a29d7\assembly\dl3\39ce3778\836b8bf0_67c8d301\Xrm.Oss.UnitOfWork.dll</ModulePath>
      <ModuleTime>2018-03-30T20:46:05.6650292Z</ModuleTime>
      <ModuleName>Xrm.Oss.UnitOfWork</ModuleName>
      <Files>
        <File uid="1" fullPath="C:\Users\Florian\Entwicklung\Xrm-Update-Context\src\lib\Xrm.Oss.UnitOfWork\UpdateContext.cs" />
      </Files>
      <Classes>
        <Class>
          <Summary numSequencePoints="0" visitedSequencePoints="0" numBranchPoints="0" visitedBranchPoints="0" sequenceCoverage="0" branchCoverage="0" maxCyclomaticComplexity="0" minCyclomaticComplexity="0" visitedClasses="0" numClasses="0" visitedMethods="0" numMethods="0" />
          <FullName>&lt;Module&gt;</FullName>
          <Methods />
        </Class>
        <Class>
          <Summary numSequencePoints="119" visitedSequencePoints="106" numBranchPoints="48" visitedBranchPoints="40" sequenceCoverage="89.08" branchCoverage="83.33" maxCyclomaticComplexity="11" minCyclomaticComplexity="1" visitedClasses="1" numClasses="1" visitedMethods="8" numMethods="8" />
          <FullName>Xrm.Oss.UnitOfWork.UpdateContext`1</FullName>
          <Methods>
            <Method visited="true" cyclomaticComplexity="10" nPathComplexity="512" sequenceCoverage="84.62" branchCoverage="84.21" isConstructor="false" isStatic="false" isGetter="false" isSetter="false">
              <Summary numSequencePoints="39" visitedSequencePoints="33" numBranchPoints="19" visitedBranchPoints="16" sequenceCoverage="84.62" branchCoverage="84.21" maxCyclomaticComplexity="10" minCyclomaticComplexity="10" visitedClasses="0" numClasses="0" visitedMethods="1" numMethods="1" />
              <MetadataToken>100663297</MetadataToken>
              <Name>System.Object Xrm.Oss.UnitOfWork.UpdateContext`1::CloneAttribute(System.Object)</Name>
              <FileRef uid="1" />
              <SequencePoints>
                <SequencePoint vc="24" uspid="1" ordinal="0" offset="0" sl="22" sc="9" el="22" ec="10" bec="0" bev="0" fileid="1" />
                <SequencePoint vc="24" uspid="2" ordinal="1" offset="1" sl="23" sc="13" el="23" ec="31" bec="2" bev="2" fileid="1" />
                <SequencePoint vc="1" uspid="3" ordinal="2" offset="11" sl="24" sc="13" el="24" ec="14" bec="0" bev="0" fileid="1" />
                <SequencePoint vc="1" uspid="4" ordinal="3" offset="12" sl="25" sc="17" el="25" ec="29" bec="0" bev="0" fileid="1" />
                <SequencePoint vc="23" uspid="5" ordinal="4" offset="20" sl="29" sc="13" el="29" ec="47" bec="0" bev="0" fileid="1" />
                <SequencePoint vc="23" uspid="6" ordinal="5" offset="27" sl="30" sc="13" el="30" ec="37" bec="2" bev="2" fileid="1" />
                <SequencePoint vc="10" uspid="7" ordinal="6" offset="37" sl="31" sc="13" el="31" ec="14" bec="0" bev="0" fileid="1" />
                <SequencePoint vc="10" uspid="8" ordinal="7" offset="38" sl="32" sc="17" el="32" ec="62" bec="0" bev="0" fileid="1" />
                <SequencePoint vc="13" uspid="9" ordinal="8" offset="56" sl="36" sc="13" el="36" ec="58" bec="0" bev="0" fileid="1" />
                <SequencePoint vc="13" uspid="10" ordinal="9" offset="63" sl="37" sc="13" el="37" ec="40" bec="2" bev="2" fileid="1" />
                <SequencePoint vc="3" uspid="11" ordinal="10" offset="73" sl="38" sc="13" el="38" ec="14" bec="0" bev="0" fileid="1" />
                <SequencePoint vc="3" uspid="12" ordinal="11" offset="74" sl="39" sc="17" el="39" ec="65" bec="0" bev="0" fileid="1" />
                <SequencePoint vc="10" uspid="13" ordinal="12" offset="92" sl="43" sc="13" el="43" ec="65" bec="0" bev="0" fileid="1" />
                <SequencePoint vc="10" uspid="14" ordinal="13" offset="99" sl="44" sc="13" el="44" ec="46" bec="2" bev="1" fileid="1" />
                <SequencePoint vc="0" uspid="15" ordinal="14" offset="109" sl="45" sc="13" el="45" ec="14" bec="0" bev="0" fileid="1" />
                <SequencePoint vc="0" uspid="16" ordinal="15" offset="110" sl="46" sc="17" el="51" ec="19" bec="0" bev="0" fileid="1" />
                <SequencePoint vc="10" uspid="17" ordinal="16" offset="190" sl="55" sc="13" el="55" ec="71" bec="0" bev="0" fileid="1" />
                <SequencePoint vc="10" uspid="18" ordinal="17" offset="197" sl="56" sc="13" el="56" ec="45" bec="2" bev="1" fileid="1" />
                <SequencePoint vc="0" uspid="19" ordinal="18" offset="207" sl="57" sc="13" el="57" ec="14" bec="0" bev="0" fileid="1" />
                <SequencePoint vc="0" uspid="20" ordinal="19" offset="208" sl="58" sc="17" el="58" ec="78" bec="0" bev="0" fileid="1" />
                <SequencePoint vc="10" uspid="21" ordinal="20" offset="226" sl="62" sc="13" el="62" ec="45" bec="0" bev="0" fileid="1" />
                <SequencePoint vc="10" uspid="22" ordinal="21" offset="234" sl="63" sc="13" el="63" ec="36" bec="2" bev="2" fileid="1" />
                <SequencePoint vc="5" uspid="23" ordinal="22" offset="245" sl="64" sc="13" el="64" ec="14" bec="0" bev="0" fileid="1" />
                <SequencePoint vc="5" uspid="24" ordinal="23" offset="246" sl="65" sc="17" el="65" ec="52" bec="0" bev="0" fileid="1" />
                <SequencePoint vc="5" uspid="25" ordinal="24" offset="265" sl="69" sc="13" el="69" ec="54" bec="0" bev="0" fileid="1" />
                <SequencePoint vc="5" uspid="26" ordinal="25" offset="273" sl="70" sc="13" el="70" ec="38" bec="2" bev="2" fileid="1" />
                <SequencePoint vc="1" uspid="27" ordinal="26" offset="284" sl="71" sc="13" el="71" ec="14" bec="0" bev="0" fileid="1" />
                <SequencePoint vc="1" uspid="28" ordinal="27" offset="285" sl="72" sc="17" el="74" ec="57" bec="0" bev="0" fileid="1" />
                <SequencePoint vc="4" uspid="29" ordinal="28" offset="346" sl="78" sc="13" el="78" ec="67" bec="0" bev="0" fileid="1" />
                <SequencePoint vc="4" uspid="30" ordinal="29" offset="354" sl="79" sc="13" el="79" ec="47" bec="2" bev="1" fileid="1" />
                <SequencePoint vc="0" uspid="31" ordinal="30" offset="365" sl="80" sc="13" el="80" ec="14" bec="0" bev="0" fileid="1" />
                <SequencePoint vc="0" uspid="32" ordinal="31" offset="366" sl="81" sc="17" el="81" ec="106" bec="0" bev="0" fileid="1" />
                <SequencePoint vc="4" uspid="33" ordinal="32" offset="407" sl="84" sc="13" el="89" ec="15" bec="0" bev="0" fileid="1" />
                <SequencePoint vc="4" uspid="34" ordinal="33" offset="598" sl="91" sc="13" el="91" ec="40" bec="0" bev="0" fileid="1" />
                <SequencePoint vc="4" uspid="35" ordinal="34" offset="606" sl="93" sc="13" el="93" ec="43" bec="2" bev="2" fileid="1" />
                <SequencePoint vc="3" uspid="36" ordinal="35" offset="621" sl="94" sc="13" el="94" ec="14" bec="0" bev="0" fileid="1" />
                <SequencePoint vc="3" uspid="37" ordinal="36" offset="622" sl="95" sc="17" el="95" ec="30" bec="0" bev="0" fileid="1" />
                <SequencePoint vc="1" uspid="38" ordinal="37" offset="627" sl="98" sc="13" el="98" ec="189" bec="0" bev="0" fileid="1" />
                <SequencePoint vc="23" uspid="39" ordinal="38" offset="655" sl="99" sc="9" el="99" ec="10" bec="0" bev="0" fileid="1" />
              </SequencePoints>
              <BranchPoints>
                <BranchPoint vc="1" uspid="40" ordinal="0" offset="9" sl="23" path="0" offsetend="11" fileid="1" />
                <BranchPoint vc="23" uspid="41" ordinal="1" offset="9" sl="23" path="1" offsetend="20" fileid="1" />
                <BranchPoint vc="10" uspid="42" ordinal="2" offset="35" sl="30" path="0" offsetend="37" fileid="1" />
                <BranchPoint vc="13" uspid="43" ordinal="3" offset="35" sl="30" path="1" offsetend="56" fileid="1" />
                <BranchPoint vc="3" uspid="44" ordinal="4" offset="71" sl="37" path="0" offsetend="73" fileid="1" />
                <BranchPoint vc="10" uspid="45" ordinal="5" offset="71" sl="37" path="1" offsetend="92" fileid="1" />
                <BranchPoint vc="0" uspid="46" ordinal="6" offset="107" sl="44" path="0" offsetend="109" fileid="1" />
                <BranchPoint vc="10" uspid="47" ordinal="7" offset="107" sl="44" path="1" offsetend="190" fileid="1" />
                <BranchPoint vc="0" uspid="48" ordinal="8" offset="205" sl="56" path="0" offsetend="207" fileid="1" />
                <BranchPoint vc="10" uspid="49" ordinal="9" offset="205" sl="56" path="1" offsetend="226" fileid="1" />
                <BranchPoint vc="5" uspid="50" ordinal="10" offset="243" sl="63" path="0" offsetend="245" fileid="1" />
                <BranchPoint vc="5" uspid="51" ordinal="11" offset="243" sl="63" path="1" offsetend="265" fileid="1" />
                <BranchPoint vc="1" uspid="52" ordinal="12" offset="282" sl="70" path="0" offsetend="284" fileid="1" />
                <BranchPoint vc="4" uspid="53" ordinal="13" offset="282" sl="70" path="1" offsetend="346" fileid="1" />
                <BranchPoint vc="0" uspid="54" ordinal="14" offset="363" sl="79" path="0" offsetend="365" fileid="1" />
                <BranchPoint vc="4" uspid="55" ordinal="15" offset="363" sl="79" path="1" offsetend="407" fileid="1" />
                <BranchPoint vc="3" uspid="56" ordinal="16" offset="619" sl="93" path="0" offsetend="621" fileid="1" />
                <BranchPoint vc="1" uspid="57" ordinal="17" offset="619" sl="93" path="1" offsetend="627" fileid="1" />
              </BranchPoints>
              <MethodPoint xsi:type="SequencePoint" vc="24" uspid="1" ordinal="0" offset="0" sl="22" sc="9" el="22" ec="10" bec="0" bev="0" fileid="1" />
            </Method>
            <Method visited="true" cyclomaticComplexity="4" nPathComplexity="2" sequenceCoverage="85.71" branchCoverage="66.67" isConstructor="false" isStatic="false" isGetter="false" isSetter="false">
              <Summary numSequencePoints="14" visitedSequencePoints="12" numBranchPoints="3" visitedBranchPoints="2" sequenceCoverage="85.71" branchCoverage="66.67" maxCyclomaticComplexity="4" minCyclomaticComplexity="4" visitedClasses="0" numClasses="0" visitedMethods="1" numMethods="1" />
              <MetadataToken>100663298</MetadataToken>
              <Name>Microsoft.Xrm.Sdk.Entity Xrm.Oss.UnitOfWork.UpdateContext`1::CloneEntity(Microsoft.Xrm.Sdk.Entity)</Name>
              <FileRef uid="1" />
              <SequencePoints>
                <SequencePoint vc="25" uspid="58" ordinal="0" offset="0" sl="107" sc="9" el="107" ec="10" bec="0" bev="0" fileid="1" />
                <SequencePoint vc="25" uspid="59" ordinal="1" offset="1" sl="108" sc="13" el="108" ec="32" bec="2" bev="1" fileid="1" />
                <SequencePoint vc="0" uspid="60" ordinal="2" offset="9" sl="109" sc="13" el="109" ec="14" bec="0" bev="0" fileid="1" />
                <SequencePoint vc="0" uspid="61" ordinal="3" offset="10" sl="110" sc="17" el="110" ec="29" bec="0" bev="0" fileid="1" />
                <SequencePoint vc="25" uspid="62" ordinal="4" offset="14" sl="113" sc="13" el="117" ec="15" bec="0" bev="0" fileid="1" />
                <SequencePoint vc="25" uspid="63" ordinal="5" offset="46" sl="119" sc="13" el="119" ec="20" bec="0" bev="0" fileid="1" />
                <SequencePoint vc="25" uspid="64" ordinal="6" offset="47" sl="119" sc="39" el="119" ec="56" bec="0" bev="0" fileid="1" />
                <SequencePoint vc="21" uspid="65" ordinal="7" offset="61" sl="119" sc="22" el="119" ec="35" bec="0" bev="0" fileid="1" />
                <SequencePoint vc="21" uspid="66" ordinal="8" offset="69" sl="120" sc="13" el="120" ec="14" bec="0" bev="0" fileid="1" />
                <SequencePoint vc="21" uspid="67" ordinal="9" offset="70" sl="121" sc="17" el="121" ec="72" bec="0" bev="0" fileid="1" />
                <SequencePoint vc="20" uspid="68" ordinal="10" offset="97" sl="122" sc="13" el="122" ec="14" bec="0" bev="0" fileid="1" />
                <SequencePoint vc="45" uspid="69" ordinal="11" offset="98" sl="119" sc="36" el="119" ec="38" bec="0" bev="0" fileid="1" />
                <SequencePoint vc="24" uspid="70" ordinal="12" offset="119" sl="124" sc="13" el="124" ec="26" bec="0" bev="0" fileid="1" />
                <SequencePoint vc="24" uspid="71" ordinal="13" offset="123" sl="125" sc="9" el="125" ec="10" bec="0" bev="0" fileid="1" />
              </SequencePoints>
              <BranchPoints>
                <BranchPoint vc="0" uspid="72" ordinal="0" offset="7" sl="108" path="0" offsetend="9" fileid="1" />
                <BranchPoint vc="25" uspid="73" ordinal="1" offset="7" sl="108" path="1" offsetend="14" fileid="1" />
              </BranchPoints>
              <MethodPoint xsi:type="SequencePoint" vc="25" uspid="58" ordinal="0" offset="0" sl="107" sc="9" el="107" ec="10" bec="0" bev="0" fileid="1" />
            </Method>
            <Method visited="true" cyclomaticComplexity="2" nPathComplexity="2" sequenceCoverage="100" branchCoverage="100" isConstructor="true" isStatic="false" isGetter="false" isSetter="false">
              <Summary numSequencePoints="8" visitedSequencePoints="8" numBranchPoints="3" visitedBranchPoints="3" sequenceCoverage="100" branchCoverage="100" maxCyclomaticComplexity="2" minCyclomaticComplexity="2" visitedClasses="0" numClasses="0" visitedMethods="1" numMethods="1" />
              <MetadataToken>100663299</MetadataToken>
              <Name>System.Void Xrm.Oss.UnitOfWork.UpdateContext`1::.ctor(T)</Name>
              <FileRef uid="1" />
              <SequencePoints>
                <SequencePoint vc="16" uspid="76" ordinal="0" offset="0" sl="131" sc="9" el="131" ec="39" bec="0" bev="0" fileid="1" />
                <SequencePoint vc="16" uspid="77" ordinal="1" offset="7" sl="131" sc="40" el="131" ec="41" bec="0" bev="0" fileid="1" />
                <SequencePoint vc="16" uspid="78" ordinal="2" offset="8" sl="132" sc="13" el="132" ec="32" bec="2" bev="2" fileid="1" />
                <SequencePoint vc="1" uspid="79" ordinal="3" offset="21" sl="133" sc="13" el="133" ec="14" bec="0" bev="0" fileid="1" />
                <SequencePoint vc="1" uspid="80" ordinal="4" offset="22" sl="134" sc="17" el="134" ec="123" bec="0" bev="0" fileid="1" />
                <SequencePoint vc="15" uspid="81" ordinal="5" offset="33" sl="137" sc="13" el="137" ec="36" bec="0" bev="0" fileid="1" />
                <SequencePoint vc="15" uspid="82" ordinal="6" offset="40" sl="138" sc="13" el="138" ec="63" bec="0" bev="0" fileid="1" />
                <SequencePoint vc="14" uspid="83" ordinal="7" offset="63" sl="139" sc="9" el="139" ec="10" bec="0" bev="0" fileid="1" />
              </SequencePoints>
              <BranchPoints>
                <BranchPoint vc="1" uspid="84" ordinal="0" offset="19" sl="132" path="0" offsetend="21" fileid="1" />
                <BranchPoint vc="15" uspid="85" ordinal="1" offset="19" sl="132" path="1" offsetend="33" fileid="1" />
              </BranchPoints>
              <MethodPoint xsi:type="SequencePoint" vc="16" uspid="76" ordinal="0" offset="0" sl="131" sc="9" el="131" ec="39" bec="0" bev="0" fileid="1" />
            </Method>
            <Method visited="true" cyclomaticComplexity="11" nPathComplexity="32" sequenceCoverage="93.10" branchCoverage="90.91" isConstructor="false" isStatic="false" isGetter="false" isSetter="false">
              <Summary numSequencePoints="29" visitedSequencePoints="27" numBranchPoints="11" visitedBranchPoints="10" sequenceCoverage="93.10" branchCoverage="90.91" maxCyclomaticComplexity="11" minCyclomaticComplexity="11" visitedClasses="0" numClasses="0" visitedMethods="1" numMethods="1" />
              <MetadataToken>100663300</MetadataToken>
              <Name>T Xrm.Oss.UnitOfWork.UpdateContext`1::GetUpdateObject()</Name>
              <FileRef uid="1" />
              <SequencePoints>
                <SequencePoint vc="15" uspid="86" ordinal="0" offset="0" sl="146" sc="9" el="146" ec="10" bec="0" bev="0" fileid="1" />
                <SequencePoint vc="15" uspid="87" ordinal="1" offset="1" sl="147" sc="13" el="151" ec="15" bec="0" bev="0" fileid="1" />
                <SequencePoint vc="15" uspid="88" ordinal="2" offset="53" sl="153" sc="13" el="153" ec="20" bec="0" bev="0" fileid="1" />
                <SequencePoint vc="15" uspid="89" ordinal="3" offset="54" sl="153" sc="38" el="153" ec="62" bec="0" bev="0" fileid="1" />
                <SequencePoint vc="16" uspid="90" ordinal="4" offset="81" sl="153" sc="22" el="153" ec="34" bec="0" bev="0" fileid="1" />
                <SequencePoint vc="16" uspid="91" ordinal="5" offset="88" sl="154" sc="13" el="154" ec="14" bec="0" bev="0" fileid="1" />
                <SequencePoint vc="16" uspid="92" ordinal="6" offset="89" sl="155" sc="17" el="155" ec="40" bec="0" bev="0" fileid="1" />
                <SequencePoint vc="16" uspid="93" ordinal="7" offset="97" sl="156" sc="17" el="156" ec="44" bec="0" bev="0" fileid="1" />
                <SequencePoint vc="16" uspid="94" ordinal="8" offset="106" sl="159" sc="17" el="159" ec="43" bec="2" bev="2" fileid="1" />
                <SequencePoint vc="2" uspid="95" ordinal="9" offset="122" sl="160" sc="17" el="160" ec="18" bec="0" bev="0" fileid="1" />
                <SequencePoint vc="2" uspid="96" ordinal="10" offset="123" sl="161" sc="21" el="161" ec="30" bec="0" bev="0" fileid="1" />
                <SequencePoint vc="14" uspid="97" ordinal="11" offset="128" sl="165" sc="17" el="165" ec="64" bec="2" bev="2" fileid="1" />
                <SequencePoint vc="5" uspid="98" ordinal="12" offset="159" sl="166" sc="17" el="166" ec="18" bec="0" bev="0" fileid="1" />
                <SequencePoint vc="5" uspid="99" ordinal="13" offset="160" sl="170" sc="21" el="170" ec="101" bec="2" bev="1" fileid="1" />
                <SequencePoint vc="0" uspid="100" ordinal="14" offset="197" sl="171" sc="21" el="171" ec="22" bec="0" bev="0" fileid="1" />
                <SequencePoint vc="0" uspid="101" ordinal="15" offset="198" sl="172" sc="25" el="172" ec="34" bec="0" bev="0" fileid="1" />
                <SequencePoint vc="5" uspid="102" ordinal="16" offset="200" sl="175" sc="21" el="175" ec="41" bec="0" bev="0" fileid="1" />
                <SequencePoint vc="5" uspid="103" ordinal="17" offset="210" sl="176" sc="17" el="176" ec="18" bec="0" bev="0" fileid="1" />
                <SequencePoint vc="9" uspid="104" ordinal="18" offset="213" sl="178" sc="22" el="178" ec="81" bec="2" bev="2" fileid="1" />
                <SequencePoint vc="7" uspid="105" ordinal="19" offset="261" sl="179" sc="17" el="179" ec="18" bec="0" bev="0" fileid="1" />
                <SequencePoint vc="7" uspid="106" ordinal="20" offset="262" sl="180" sc="21" el="180" ec="41" bec="0" bev="0" fileid="1" />
                <SequencePoint vc="7" uspid="107" ordinal="21" offset="272" sl="181" sc="17" el="181" ec="18" bec="0" bev="0" fileid="1" />
                <SequencePoint vc="14" uspid="108" ordinal="22" offset="273" sl="182" sc="13" el="182" ec="14" bec="0" bev="0" fileid="1" />
                <SequencePoint vc="31" uspid="109" ordinal="23" offset="274" sl="153" sc="35" el="153" ec="37" bec="0" bev="0" fileid="1" />
                <SequencePoint vc="15" uspid="110" ordinal="24" offset="298" sl="184" sc="13" el="184" ec="46" bec="2" bev="2" fileid="1" />
                <SequencePoint vc="5" uspid="111" ordinal="25" offset="318" sl="185" sc="13" el="185" ec="14" bec="0" bev="0" fileid="1" />
                <SequencePoint vc="5" uspid="112" ordinal="26" offset="319" sl="186" sc="17" el="186" ec="29" bec="0" bev="0" fileid="1" />
                <SequencePoint vc="10" uspid="113" ordinal="27" offset="333" sl="190" sc="13" el="190" ec="54" bec="0" bev="0" fileid="1" />
                <SequencePoint vc="15" uspid="114" ordinal="28" offset="349" sl="191" sc="9" el="191" ec="10" bec="0" bev="0" fileid="1" />
              </SequencePoints>
              <BranchPoints>
                <BranchPoint vc="2" uspid="115" ordinal="0" offset="120" sl="159" path="0" offsetend="122" fileid="1" />
                <BranchPoint vc="14" uspid="116" ordinal="1" offset="120" sl="159" path="1" offsetend="128" fileid="1" />
                <BranchPoint vc="5" uspid="117" ordinal="2" offset="157" sl="165" path="0" offsetend="159" fileid="1" />
                <BranchPoint vc="9" uspid="118" ordinal="3" offset="157" sl="165" path="1" offsetend="213" fileid="1" />
                <BranchPoint vc="0" uspid="123" ordinal="8" offset="195" sl="170" path="0" offsetend="197" fileid="1" />
                <BranchPoint vc="5" uspid="124" ordinal="9" offset="195" sl="170" path="1" offsetend="200" fileid="1" />
                <BranchPoint vc="7" uspid="125" ordinal="10" offset="259" sl="178" path="0" offsetend="261" fileid="1" />
                <BranchPoint vc="2" uspid="126" ordinal="11" offset="259" sl="178" path="1" offsetend="273" fileid="1" />
                <BranchPoint vc="5" uspid="129" ordinal="14" offset="316" sl="184" path="0" offsetend="318" fileid="1" />
                <BranchPoint vc="10" uspid="130" ordinal="15" offset="316" sl="184" path="1" offsetend="333" fileid="1" />
              </BranchPoints>
              <MethodPoint xsi:type="SequencePoint" vc="15" uspid="86" ordinal="0" offset="0" sl="146" sc="9" el="146" ec="10" bec="0" bev="0" fileid="1" />
            </Method>
            <Method visited="true" cyclomaticComplexity="2" nPathComplexity="2" sequenceCoverage="100" branchCoverage="100" isConstructor="false" isStatic="false" isGetter="false" isSetter="false">
              <Summary numSequencePoints="8" visitedSequencePoints="8" numBranchPoints="3" visitedBranchPoints="3" sequenceCoverage="100" branchCoverage="100" maxCyclomaticComplexity="2" minCyclomaticComplexity="2" visitedClasses="0" numClasses="0" visitedMethods="1" numMethods="1" />
              <MetadataToken>100663301</MetadataToken>
              <Name>System.Boolean Xrm.Oss.UnitOfWork.UpdateContext`1::Update(Microsoft.Xrm.Sdk.IOrganizationService)</Name>
              <FileRef uid="1" />
              <SequencePoints>
                <SequencePoint vc="2" uspid="131" ordinal="0" offset="0" sl="199" sc="9" el="199" ec="10" bec="0" bev="0" fileid="1" />
                <SequencePoint vc="2" uspid="132" ordinal="1" offset="1" sl="200" sc="13" el="200" ec="44" bec="0" bev="0" fileid="1" />
                <SequencePoint vc="2" uspid="133" ordinal="2" offset="8" sl="202" sc="13" el="202" ec="32" bec="2" bev="2" fileid="1" />
                <SequencePoint vc="1" uspid="134" ordinal="3" offset="21" sl="203" sc="13" el="203" ec="14" bec="0" bev="0" fileid="1" />
                <SequencePoint vc="1" uspid="135" ordinal="4" offset="22" sl="204" sc="17" el="204" ec="40" bec="0" bev="0" fileid="1" />
                <SequencePoint vc="1" uspid="136" ordinal="5" offset="35" sl="205" sc="17" el="205" ec="29" bec="0" bev="0" fileid="1" />
                <SequencePoint vc="1" uspid="137" ordinal="6" offset="39" sl="208" sc="13" el="208" ec="26" bec="0" bev="0" fileid="1" />
                <SequencePoint vc="2" uspid="138" ordinal="7" offset="43" sl="209" sc="9" el="209" ec="10" bec="0" bev="0" fileid="1" />
              </SequencePoints>
              <BranchPoints>
                <BranchPoint vc="1" uspid="139" ordinal="0" offset="19" sl="202" path="0" offsetend="21" fileid="1" />
                <BranchPoint vc="1" uspid="140" ordinal="1" offset="19" sl="202" path="1" offsetend="39" fileid="1" />
              </BranchPoints>
              <MethodPoint xsi:type="SequencePoint" vc="2" uspid="131" ordinal="0" offset="0" sl="199" sc="9" el="199" ec="10" bec="0" bev="0" fileid="1" />
            </Method>
            <Method visited="true" cyclomaticComplexity="2" nPathComplexity="2" sequenceCoverage="85.71" branchCoverage="66.67" isConstructor="false" isStatic="false" isGetter="false" isSetter="false">
              <Summary numSequencePoints="7" visitedSequencePoints="6" numBranchPoints="3" visitedBranchPoints="2" sequenceCoverage="85.71" branchCoverage="66.67" maxCyclomaticComplexity="2" minCyclomaticComplexity="2" visitedClasses="0" numClasses="0" visitedMethods="1" numMethods="1" />
              <MetadataToken>100663302</MetadataToken>
              <Name>Microsoft.Xrm.Sdk.Messages.UpdateRequest Xrm.Oss.UnitOfWork.UpdateContext`1::GetUpdateRequest()</Name>
              <FileRef uid="1" />
              <SequencePoints>
                <SequencePoint vc="1" uspid="141" ordinal="0" offset="0" sl="216" sc="9" el="216" ec="10" bec="0" bev="0" fileid="1" />
                <SequencePoint vc="1" uspid="142" ordinal="1" offset="1" sl="217" sc="13" el="217" ec="44" bec="0" bev="0" fileid="1" />
                <SequencePoint vc="1" uspid="143" ordinal="2" offset="8" sl="219" sc="13" el="219" ec="32" bec="2" bev="1" fileid="1" />
                <SequencePoint vc="1" uspid="144" ordinal="3" offset="21" sl="220" sc="13" el="220" ec="14" bec="0" bev="0" fileid="1" />
                <SequencePoint vc="1" uspid="145" ordinal="4" offset="22" sl="221" sc="17" el="224" ec="19" bec="0" bev="0" fileid="1" />
                <SequencePoint vc="0" uspid="146" ordinal="5" offset="43" sl="227" sc="13" el="227" ec="25" bec="0" bev="0" fileid="1" />
                <SequencePoint vc="1" uspid="147" ordinal="6" offset="47" sl="228" sc="9" el="228" ec="10" bec="0" bev="0" fileid="1" />
              </SequencePoints>
              <BranchPoints>
                <BranchPoint vc="1" uspid="148" ordinal="0" offset="19" sl="219" path="0" offsetend="21" fileid="1" />
                <BranchPoint vc="0" uspid="149" ordinal="1" offset="19" sl="219" path="1" offsetend="43" fileid="1" />
              </BranchPoints>
              <MethodPoint xsi:type="SequencePoint" vc="1" uspid="141" ordinal="0" offset="0" sl="216" sc="9" el="216" ec="10" bec="0" bev="0" fileid="1" />
            </Method>
            <Method visited="true" cyclomaticComplexity="1" nPathComplexity="0" sequenceCoverage="100" branchCoverage="100" isConstructor="false" isStatic="false" isGetter="false" isSetter="false">
              <Summary numSequencePoints="4" visitedSequencePoints="4" numBranchPoints="1" visitedBranchPoints="1" sequenceCoverage="100" branchCoverage="100" maxCyclomaticComplexity="1" minCyclomaticComplexity="1" visitedClasses="0" numClasses="0" visitedMethods="1" numMethods="1" />
              <MetadataToken>100663303</MetadataToken>
              <Name>System.Void Xrm.Oss.UnitOfWork.UpdateContext`1::Dispose()</Name>
              <FileRef uid="1" />
              <SequencePoints>
                <SequencePoint vc="14" uspid="150" ordinal="0" offset="0" sl="231" sc="9" el="231" ec="10" bec="0" bev="0" fileid="1" />
                <SequencePoint vc="14" uspid="151" ordinal="1" offset="1" sl="232" sc="13" el="232" ec="27" bec="0" bev="0" fileid="1" />
                <SequencePoint vc="14" uspid="152" ordinal="2" offset="9" sl="233" sc="13" el="233" ec="39" bec="0" bev="0" fileid="1" />
                <SequencePoint vc="14" uspid="153" ordinal="3" offset="16" sl="234" sc="9" el="234" ec="10" bec="0" bev="0" fileid="1" />
              </SequencePoints>
              <BranchPoints />
              <MethodPoint xsi:type="SequencePoint" vc="14" uspid="150" ordinal="0" offset="0" sl="231" sc="9" el="231" ec="10" bec="0" bev="0" fileid="1" />
            </Method>
            <Method visited="true" cyclomaticComplexity="3" nPathComplexity="4" sequenceCoverage="80" branchCoverage="60" isConstructor="false" isStatic="false" isGetter="false" isSetter="false">
              <Summary numSequencePoints="10" visitedSequencePoints="8" numBranchPoints="5" visitedBranchPoints="3" sequenceCoverage="80" branchCoverage="60" maxCyclomaticComplexity="3" minCyclomaticComplexity="3" visitedClasses="0" numClasses="0" visitedMethods="1" numMethods="1" />
              <MetadataToken>100663304</MetadataToken>
              <Name>System.Void Xrm.Oss.UnitOfWork.UpdateContext`1::Dispose(System.Boolean)</Name>
              <FileRef uid="1" />
              <SequencePoints>
                <SequencePoint vc="14" uspid="154" ordinal="0" offset="0" sl="237" sc="9" el="237" ec="10" bec="0" bev="0" fileid="1" />
                <SequencePoint vc="14" uspid="155" ordinal="1" offset="1" sl="238" sc="13" el="238" ec="27" bec="2" bev="1" fileid="1" />
                <SequencePoint vc="0" uspid="156" ordinal="2" offset="11" sl="239" sc="13" el="239" ec="14" bec="0" bev="0" fileid="1" />
                <SequencePoint vc="0" uspid="157" ordinal="3" offset="12" sl="240" sc="17" el="240" ec="24" bec="0" bev="0" fileid="1" />
                <SequencePoint vc="14" uspid="158" ordinal="4" offset="14" sl="243" sc="13" el="243" ec="27" bec="2" bev="1" fileid="1" />
                <SequencePoint vc="14" uspid="159" ordinal="5" offset="19" sl="244" sc="13" el="244" ec="14" bec="0" bev="0" fileid="1" />
                <SequencePoint vc="14" uspid="160" ordinal="6" offset="20" sl="246" sc="17" el="246" ec="38" bec="0" bev="0" fileid="1" />
                <SequencePoint vc="14" uspid="161" ordinal="7" offset="32" sl="247" sc="13" el="247" ec="14" bec="0" bev="0" fileid="1" />
                <SequencePoint vc="14" uspid="162" ordinal="8" offset="33" sl="250" sc="13" el="250" ec="30" bec="0" bev="0" fileid="1" />
                <SequencePoint vc="14" uspid="163" ordinal="9" offset="40" sl="251" sc="9" el="251" ec="10" bec="0" bev="0" fileid="1" />
              </SequencePoints>
              <BranchPoints>
                <BranchPoint vc="0" uspid="164" ordinal="0" offset="9" sl="238" path="0" offsetend="11" fileid="1" />
                <BranchPoint vc="14" uspid="165" ordinal="1" offset="9" sl="238" path="1" offsetend="14" fileid="1" />
                <BranchPoint vc="14" uspid="166" ordinal="2" offset="17" sl="243" path="0" offsetend="19" fileid="1" />
                <BranchPoint vc="0" uspid="167" ordinal="3" offset="17" sl="243" path="1" offsetend="33" fileid="1" />
              </BranchPoints>
              <MethodPoint xsi:type="SequencePoint" vc="14" uspid="154" ordinal="0" offset="0" sl="237" sc="9" el="237" ec="10" bec="0" bev="0" fileid="1" />
            </Method>
          </Methods>
        </Class>
      </Classes>
    </Module>
    <Module skippedDueTo="Filter" hash="9C-67-7D-5B-BE-2B-C0-BF-ED-BC-33-56-49-F1-E1-EA-03-48-14-DE">
      <ModulePath>C:\Users\Florian\AppData\Local\Temp\9de6d481-22e2-46fb-8b81-11dfb50a29d7\9de6d481-22e2-46fb-8b81-11dfb50a29d7\assembly\dl3\c35b71c6\004e67d3_7ba9d201\FakeXrmEasy.dll</ModulePath>
      <ModuleTime>2018-03-30T20:46:06.0581314Z</ModuleTime>
      <ModuleName>FakeXrmEasy</ModuleName>
      <Classes />
    </Module>
    <Module skippedDueTo="Filter" hash="C3-8A-45-EC-19-F4-C2-05-EB-B5-D7-1B-21-3D-0B-B3-F3-B5-31-EA">
      <ModulePath>C:\WINDOWS\Microsoft.Net\assembly\GAC_MSIL\System.Activities\v4.0_4.0.0.0__31bf3856ad364e35\System.Activities.dll</ModulePath>
      <ModuleTime>2017-12-22T03:11:12.9067281Z</ModuleTime>
      <ModuleName>System.Activities</ModuleName>
      <Classes />
    </Module>
    <Module skippedDueTo="Filter" hash="4D-DB-60-0F-4E-E8-7F-52-F6-A0-85-62-A6-2C-23-48-26-AB-42-71">
      <ModulePath>C:\Users\Florian\AppData\Local\Temp\9de6d481-22e2-46fb-8b81-11dfb50a29d7\9de6d481-22e2-46fb-8b81-11dfb50a29d7\assembly\dl3\e00c4946\00c8c606_5fc5d001\FakeItEasy.dll</ModulePath>
      <ModuleTime>2018-03-30T20:46:06.1782282Z</ModuleTime>
      <ModuleName>FakeItEasy</ModuleName>
      <Classes />
    </Module>
    <Module skippedDueTo="Filter" hash="8E-AC-5F-74-B4-99-37-90-02-9E-70-3B-A1-DA-82-3F-3D-E3-8C-EF">
      <ModulePath>C:\Users\Florian\AppData\Local\Temp\9de6d481-22e2-46fb-8b81-11dfb50a29d7\9de6d481-22e2-46fb-8b81-11dfb50a29d7\assembly\dl3\ff51b711\0061ed7b_885bd201\Microsoft.Xrm.Sdk.Workflow.dll</ModulePath>
      <ModuleTime>2018-03-30T20:46:06.2234396Z</ModuleTime>
      <ModuleName>Microsoft.Xrm.Sdk.Workflow</ModuleName>
      <Classes />
    </Module>
    <Module skippedDueTo="Filter" hash="59-73-B6-E6-C6-F9-65-0F-29-3D-C6-1D-A0-64-5D-E0-54-48-95-CA">
      <ModulePath>C:\Users\Florian\AppData\Local\Temp\9de6d481-22e2-46fb-8b81-11dfb50a29d7\9de6d481-22e2-46fb-8b81-11dfb50a29d7\assembly\dl3\a2a63746\00078b79_885bd201\Microsoft.Crm.Sdk.Proxy.dll</ModulePath>
      <ModuleTime>2018-03-30T20:46:06.2624002Z</ModuleTime>
      <ModuleName>Microsoft.Crm.Sdk.Proxy</ModuleName>
      <Classes />
    </Module>
    <Module skippedDueTo="Filter" hash="62-13-DF-BA-4D-76-38-3A-FE-E9-5E-D8-6C-07-CC-1D-A2-DE-73-52">
      <ModulePath>C:\WINDOWS\Microsoft.Net\assembly\GAC_MSIL\System.Configuration\v4.0_4.0.0.0__b03f5f7f11d50a3a\System.Configuration.dll</ModulePath>
      <ModuleTime>2017-09-29T13:43:06.6154445Z</ModuleTime>
      <ModuleName>System.Configuration</ModuleName>
      <Classes />
    </Module>
    <Module skippedDueTo="Filter" hash="58-2A-4C-0C-25-69-3C-E5-E8-8F-0E-35-DB-19-D0-78-0E-D1-10-FA">
      <ModulePath>C:\WINDOWS\Microsoft.Net\assembly\GAC_MSIL\System.Xml\v4.0_4.0.0.0__b77a5c561934e089\System.Xml.dll</ModulePath>
      <ModuleTime>2017-12-22T03:10:39.7166266Z</ModuleTime>
      <ModuleName>System.Xml</ModuleName>
      <Classes />
    </Module>
    <Module skippedDueTo="Filter" hash="">
      <ModulePath>RefEmit_InMemoryManifestModule</ModulePath>
      <ModuleTime>0001-01-01T00:00:00</ModuleTime>
      <ModuleName>DynamicProxyGenAssembly2</ModuleName>
      <Classes />
    </Module>
    <Module skippedDueTo="Filter" hash="B0-46-51-4E-82-92-C4-22-9E-8B-83-02-6F-17-A3-F2-D2-B5-DF-27">
      <ModulePath>C:\WINDOWS\Microsoft.Net\assembly\GAC_MSIL\System.ServiceModel\v4.0_4.0.0.0__b77a5c561934e089\System.ServiceModel.dll</ModulePath>
      <ModuleTime>2017-12-22T03:10:38.3572582Z</ModuleTime>
      <ModuleName>System.ServiceModel</ModuleName>
      <Classes />
    </Module>
    <Module skippedDueTo="Filter" hash="">
      <ModulePath>RefEmit_InMemoryManifestModule</ModulePath>
      <ModuleTime>0001-01-01T00:00:00</ModuleTime>
      <ModuleName>Anonymously Hosted DynamicMethods Assembly</ModuleName>
      <Classes />
    </Module>
    <Module skippedDueTo="Filter" hash="70-39-A5-19-7D-90-69-AE-4C-64-21-B1-F5-5C-59-52-3F-14-71-CF">
      <ModulePath>C:\WINDOWS\Microsoft.Net\assembly\GAC_MSIL\System.Reflection\v4.0_4.0.0.0__b03f5f7f11d50a3a\System.Reflection.dll</ModulePath>
      <ModuleTime>2017-09-29T13:43:05.3340897Z</ModuleTime>
      <ModuleName>System.Reflection</ModuleName>
      <Classes />
    </Module>
    <Module skippedDueTo="Filter" hash="21-59-AC-88-18-CA-56-E3-97-F6-21-1C-A6-4B-11-5E-0D-89-3C-FB">
      <ModulePath>C:\WINDOWS\Microsoft.Net\assembly\GAC_MSIL\System.Linq\v4.0_4.0.0.0__b03f5f7f11d50a3a\System.Linq.dll</ModulePath>
      <ModuleTime>2017-09-29T13:43:07.9749307Z</ModuleTime>
      <ModuleName>System.Linq</ModuleName>
      <Classes />
    </Module>
  </Modules>
</CoverageSession>